<?xml version="1.0" encoding="UTF-8"?>
<!-- Generated by org.testng.reporters.JUnitReportReporter -->
<testsuite hostname="INBAN-HS7GT12" name="test.com.test.appium.DrawerMenu" tests="1" failures="0" timestamp="9 Dec 2015 10:07:28 GMT" time="12.460" errors="0">
  <testcase name="displayDrawerMenu" time="12.460" classname="test.com.test.appium.DrawerMenu"/>
</testsuite> <!-- test.com.test.appium.DrawerMenu -->
