<?xml version="1.0" encoding="UTF-8"?>
<!-- Generated by org.testng.reporters.JUnitReportReporter -->
<testsuite hostname="INBAN-HS7GT12" name="test.com.test.appium.HorizontalMenu" tests="1" failures="0" timestamp="9 Dec 2015 10:15:41 GMT" time="17.036" errors="0">
  <testcase name="getHorizontalMenuHeadings" time="17.036" classname="test.com.test.appium.HorizontalMenu"/>
</testsuite> <!-- test.com.test.appium.HorizontalMenu -->
