<?xml version="1.0" encoding="UTF-8"?>
<!-- Generated by org.testng.reporters.JUnitReportReporter -->
<testsuite hostname="INBAN-HS7GT12" name="test.com.test.appium.FirstLaunch" tests="1" failures="0" timestamp="9 Dec 2015 10:10:01 GMT" time="23.841" errors="0">
  <testcase name="launchVMA" time="23.841" classname="test.com.test.appium.FirstLaunch"/>
</testsuite> <!-- test.com.test.appium.FirstLaunch -->
