<?xml version="1.0" encoding="UTF-8"?>
<!-- Generated by org.testng.reporters.JUnitReportReporter -->
<testsuite hostname="INBAN-HS7GT12" name="test.com.test.appium.ConversationBubble" tests="1" failures="0" timestamp="9 Dec 2015 09:55:32 GMT" time="9.705" errors="0">
  <testcase name="viewConversationBubble" time="9.705" classname="test.com.test.appium.ConversationBubble"/>
</testsuite> <!-- test.com.test.appium.ConversationBubble -->
