<?xml version="1.0" encoding="UTF-8"?>
<!-- Generated by org.testng.reporters.JUnitReportReporter -->
<testsuite hostname="INBAN-HS7GT12" name="test.com.test.appium.DeleteLockedMessage" tests="1" failures="0" timestamp="9 Dec 2015 10:01:29 GMT" time="37.893" errors="0">
  <testcase name="deleteLockedSMS" time="37.893" classname="test.com.test.appium.DeleteLockedMessage"/>
</testsuite> <!-- test.com.test.appium.DeleteLockedMessage -->
