<?xml version="1.0" encoding="UTF-8"?>
<!-- Generated by org.testng.reporters.JUnitReportReporter -->
<testsuite hostname="INBAN-HS7GT12" name="test.com.test.appium.DeleteActiveGlympse" tests="1" failures="0" timestamp="9 Dec 2015 10:14:09 GMT" time="13.140" errors="0">
  <testcase name="deleteActiveGlympse" time="13.140" classname="test.com.test.appium.DeleteActiveGlympse"/>
</testsuite> <!-- test.com.test.appium.DeleteActiveGlympse -->
