<?xml version="1.0" encoding="UTF-8"?>
<!-- Generated by org.testng.reporters.JUnitReportReporter -->
<testsuite hostname="INBAN-HS7GT12" name="test.com.test.appium.ChangeFontSize" tests="1" failures="0" timestamp="9 Dec 2015 09:36:26 GMT" time="10.379" errors="0">
  <testcase name="changeFontSize" time="10.379" classname="test.com.test.appium.ChangeFontSize"/>
</testsuite> <!-- test.com.test.appium.ChangeFontSize -->
