<?xml version="1.0" encoding="UTF-8"?>
<!-- Generated by org.testng.reporters.JUnitReportReporter -->
<testsuite hostname="INBAN-HS7GT12" name="test.com.test.appium.ChangeLEDColor" tests="1" failures="0" timestamp="9 Dec 2015 09:37:52 GMT" time="11.575" errors="0">
  <testcase name="viewLEDColorScreen" time="11.575" classname="test.com.test.appium.ChangeLEDColor"/>
</testsuite> <!-- test.com.test.appium.ChangeLEDColor -->
