<?xml version="1.0" encoding="UTF-8"?>
<!-- Generated by org.testng.reporters.JUnitReportReporter -->
<testsuite hostname="INBAN-HS7GT12" name="test.com.test.appium.BigText" tests="1" failures="0" timestamp="9 Dec 2015 09:31:04 GMT" time="80.251" errors="0">
  <testcase name="sendBigText" time="80.251" classname="test.com.test.appium.BigText"/>
</testsuite> <!-- test.com.test.appium.BigText -->
