<?xml version="1.0" encoding="UTF-8"?>
<!-- Generated by org.testng.reporters.JUnitReportReporter -->
<testsuite hostname="INBAN-HS7GT12" name="test.com.test.appium.ChangeTones" tests="1" failures="0" timestamp="9 Dec 2015 09:41:10 GMT" time="10.475" errors="0">
  <testcase name="changeTone" time="10.475" classname="test.com.test.appium.ChangeTones"/>
</testsuite> <!-- test.com.test.appium.ChangeTones -->
