<?xml version="1.0" encoding="UTF-8"?>
<!-- Generated by org.testng.reporters.JUnitReportReporter -->
<testsuite hostname="INBAN-HS7GT12" name="test.com.test.appium.BackGroundsScreen" tests="1" failures="0" timestamp="9 Dec 2015 09:29:13 GMT" time="8.980" errors="0">
  <testcase name="viewBackGroundsScreen" time="8.980" classname="test.com.test.appium.BackGroundsScreen"/>
</testsuite> <!-- test.com.test.appium.BackGroundsScreen -->
