<?xml version="1.0" encoding="UTF-8"?>
<!-- Generated by org.testng.reporters.JUnitReportReporter -->
<testsuite hostname="INBAN-HS7GT12" name="test.com.test.appium.GroupMessage" tests="1" failures="0" timestamp="9 Dec 2015 10:14:56 GMT" time="27.749" errors="0">
  <testcase name="sendGroupMessage" time="27.749" classname="test.com.test.appium.GroupMessage"/>
</testsuite> <!-- test.com.test.appium.GroupMessage -->
