<?xml version="1.0" encoding="UTF-8"?>
<!-- Generated by org.testng.reporters.JUnitReportReporter -->
<testsuite hostname="INBAN-HS7GT12" name="test.com.test.appium.ChangeConversationBubble" tests="1" failures="0" timestamp="9 Dec 2015 09:34:09 GMT" time="9.900" errors="0">
  <testcase name="clickChangeBackGround" time="9.900" classname="test.com.test.appium.ChangeConversationBubble"/>
</testsuite> <!-- test.com.test.appium.ChangeConversationBubble -->
