<?xml version="1.0" encoding="UTF-8"?>
<!-- Generated by org.testng.reporters.JUnitReportReporter -->
<testsuite hostname="INBAN-HS7GT12" name="test.com.test.appium.ClickYes" tests="1" failures="0" timestamp="9 Dec 2015 09:47:36 GMT" time="5.188" errors="0">
  <testcase name="clickyes" time="5.188" classname="test.com.test.appium.ClickYes"/>
</testsuite> <!-- test.com.test.appium.ClickYes -->
