<?xml version="1.0" encoding="UTF-8"?>
<!-- Generated by org.testng.reporters.JUnitReportReporter -->
<testsuite hostname="INBAN-HS7GT12" name="test.com.test.appium.ForwardMessage" tests="1" failures="0" timestamp="9 Dec 2015 10:12:14 GMT" time="45.966" errors="0">
  <testcase name="forwardMessage" time="45.966" classname="test.com.test.appium.ForwardMessage"/>
</testsuite> <!-- test.com.test.appium.ForwardMessage -->
