<?xml version="1.0" encoding="UTF-8"?>
<!-- Generated by org.testng.reporters.JUnitReportReporter -->
<testsuite hostname="INBAN-HS7GT12" name="test.com.test.appium.Attachment" tests="1" failures="0" timestamp="9 Dec 2015 09:22:22 GMT" time="24.243" errors="0">
  <testcase name="composeWithImage" time="24.243" classname="test.com.test.appium.Attachment"/>
</testsuite> <!-- test.com.test.appium.Attachment -->
