<?xml version="1.0" encoding="UTF-8"?>
<!-- Generated by org.testng.reporters.JUnitReportReporter -->
<testsuite hostname="INBAN-HS7GT12" name="test.com.test.appium.Glympse" tests="1" failures="0" timestamp="9 Dec 2015 10:13:06 GMT" time="23.798" errors="0">
  <testcase name="clickGlympse" time="23.798" classname="test.com.test.appium.Glympse"/>
</testsuite> <!-- test.com.test.appium.Glympse -->
