<?xml version="1.0" encoding="UTF-8"?>
<!-- Generated by org.testng.reporters.JUnitReportReporter -->
<testsuite hostname="INBAN-HS7GT12" name="Test.com.test.appium.About" tests="1" failures="0" timestamp="2 Dec 2015 12:39:11 GMT" time="9.867" errors="0">
  <testcase name="clickAbout" time="9.867" classname="Test.com.test.appium.About"/>
</testsuite> <!-- Test.com.test.appium.About -->
