<?xml version="1.0" encoding="UTF-8"?>
<!-- Generated by org.testng.reporters.JUnitReportReporter -->
<testsuite hostname="INBAN-HS7GT12" name="test.com.test.appium.Audio" tests="1" failures="0" timestamp="9 Dec 2015 09:24:37 GMT" time="44.430" errors="0">
  <testcase name="selectAudio" time="44.430" classname="test.com.test.appium.Audio"/>
</testsuite> <!-- test.com.test.appium.Audio -->
