<?xml version="1.0" encoding="UTF-8"?>
<!-- Generated by org.testng.reporters.JUnitReportReporter -->
<testsuite hostname="INBAN-HS7GT12" name="test.com.test.appium.ChangeBackground" tests="1" failures="0" timestamp="9 Dec 2015 09:33:40 GMT" time="8.653" errors="0">
  <testcase name="clickChangeBackGround" time="8.653" classname="test.com.test.appium.ChangeBackground"/>
</testsuite> <!-- test.com.test.appium.ChangeBackground -->
