<?xml version="1.0" encoding="UTF-8"?>
<!-- Generated by org.testng.reporters.JUnitReportReporter -->
<testsuite hostname="INBAN-HS7GT12" name="Test.com.test.appium.ChangeFontSize" tests="1" failures="0" timestamp="2 Dec 2015 12:39:11 GMT" time="10.211" errors="0">
  <testcase name="changeFontSize" time="10.211" classname="Test.com.test.appium.ChangeFontSize"/>
</testsuite> <!-- Test.com.test.appium.ChangeFontSize -->
