<?xml version="1.0" encoding="UTF-8"?>
<!-- Generated by org.testng.reporters.JUnitReportReporter -->
<testsuite hostname="INBAN-HS7GT12" name="test.com.test.appium.Compose" tests="1" failures="0" timestamp="9 Dec 2015 09:51:33 GMT" time="27.229" errors="0">
  <testcase name="composeMessage" time="27.229" classname="test.com.test.appium.Compose"/>
</testsuite> <!-- test.com.test.appium.Compose -->
