<?xml version="1.0" encoding="UTF-8"?>
<!-- Generated by org.testng.reporters.JUnitReportReporter -->
<testsuite hostname="INBAN-HS7GT12" name="test.com.test.appium.AccentedChars" tests="1" failures="0" timestamp="9 Dec 2015 09:21:34 GMT" time="24.069" errors="0">
  <testcase name="sendAccentedCharacters" time="24.069" classname="test.com.test.appium.AccentedChars"/>
</testsuite> <!-- test.com.test.appium.AccentedChars -->
