<?xml version="1.0" encoding="UTF-8"?>
<!-- Generated by org.testng.reporters.JUnitReportReporter -->
<testsuite hostname="INBAN-HS7GT12" name="test.com.test.appium.DrivingMode" tests="1" failures="0" timestamp="9 Dec 2015 10:08:07 GMT" time="7.784" errors="0">
  <testcase name="turnOnDrivingMode" time="7.784" classname="test.com.test.appium.DrivingMode"/>
</testsuite> <!-- test.com.test.appium.DrivingMode -->
