<?xml version="1.0" encoding="UTF-8"?>
<!-- Generated by org.testng.reporters.JUnitReportReporter -->
<testsuite hostname="INBAN-HS7GT12" name="test.com.test.appium.ChangeFontStyle" tests="1" failures="0" timestamp="9 Dec 2015 09:36:53 GMT" time="9.154" errors="0">
  <testcase name="changeFontStyle" time="9.154" classname="test.com.test.appium.ChangeFontStyle"/>
</testsuite> <!-- test.com.test.appium.ChangeFontStyle -->
