<?xml version="1.0" encoding="UTF-8"?>
<!-- Generated by org.testng.reporters.JUnitReportReporter -->
<testsuite hostname="INBAN-HS7GT12" name="test.com.test.appium.About" tests="1" failures="0" timestamp="9 Dec 2015 09:20:50 GMT" time="11.110" errors="0">
  <testcase name="clickAbout" time="11.110" classname="test.com.test.appium.About"/>
</testsuite> <!-- test.com.test.appium.About -->
