<?xml version="1.0" encoding="UTF-8"?>
<!-- Generated by org.testng.reporters.JUnitReportReporter -->
<testsuite hostname="INBAN-HS7GT12" name="test.com.test.appium.EmoticonHeart" tests="1" failures="0" timestamp="9 Dec 2015 10:09:00 GMT" time="24.772" errors="0">
  <testcase name="send_an_emoticon" time="24.772" classname="test.com.test.appium.EmoticonHeart"/>
</testsuite> <!-- test.com.test.appium.EmoticonHeart -->
