<?xml version="1.0" encoding="UTF-8"?>
<!-- Generated by org.testng.reporters.JUnitReportReporter -->
<testsuite hostname="INBAN-HS7GT12" name="test.com.test.appium.CustomizeMenu" tests="1" failures="0" timestamp="9 Dec 2015 09:56:23 GMT" time="14.492" errors="0">
  <testcase name="clickCustomizeMenu" time="14.492" classname="test.com.test.appium.CustomizeMenu"/>
</testsuite> <!-- test.com.test.appium.CustomizeMenu -->
