<?xml version="1.0" encoding="UTF-8"?>
<!-- Generated by org.testng.reporters.JUnitReportReporter -->
<testsuite hostname="INBAN-HS7GT12" name="test.com.test.appium.DeletePostCard" tests="1" failures="0" timestamp="9 Dec 2015 10:06:18 GMT" time="38.841" errors="0">
  <testcase name="deletePostCard" time="38.841" classname="test.com.test.appium.DeletePostCard"/>
</testsuite> <!-- test.com.test.appium.DeletePostCard -->
