<?xml version="1.0" encoding="UTF-8"?>
<!-- Generated by org.testng.reporters.JUnitReportReporter -->
<testsuite hostname="INBAN-HS7GT12" name="test.com.test.appium.FontScreen" tests="1" failures="0" timestamp="9 Dec 2015 10:10:57 GMT" time="9.842" errors="0">
  <testcase name="viewFontScreen" time="9.842" classname="test.com.test.appium.FontScreen"/>
</testsuite> <!-- test.com.test.appium.FontScreen -->
