<?xml version="1.0" encoding="UTF-8"?>
<!-- Generated by org.testng.reporters.JUnitReportReporter -->
<testsuite hostname="INBAN-HS7GT12" name="test.com.test.appium.Camera" tests="1" failures="0" timestamp="9 Dec 2015 09:33:10 GMT" time="21.140" errors="0">
  <testcase name="sendCameraPicture" time="21.140" classname="test.com.test.appium.Camera"/>
</testsuite> <!-- test.com.test.appium.Camera -->
