<?xml version="1.0" encoding="UTF-8"?>
<!-- Generated by org.testng.reporters.JUnitReportReporter -->
<testsuite hostname="INBAN-HS7GT12" name="test.com.test.appium.DefaultAdvancedSettings" tests="1" failures="0" timestamp="9 Dec 2015 09:57:25 GMT" time="29.152" errors="0">
  <testcase name="verifyDefaultAdvancedSettings" time="29.152" classname="test.com.test.appium.DefaultAdvancedSettings"/>
</testsuite> <!-- test.com.test.appium.DefaultAdvancedSettings -->
