<?xml version="1.0" encoding="UTF-8"?>
<!-- Generated by org.testng.reporters.JUnitReportReporter -->
<testsuite hostname="INBAN-HS7GT12" name="test.com.test.appium.ChangeVibration" tests="1" failures="0" timestamp="9 Dec 2015 09:41:42 GMT" time="11.165" errors="0">
  <testcase name="changeVibrationOption" time="11.165" classname="test.com.test.appium.ChangeVibration"/>
</testsuite> <!-- test.com.test.appium.ChangeVibration -->
