<?xml version="1.0" encoding="UTF-8"?>
<!-- Generated by org.testng.reporters.JUnitReportReporter -->
<testsuite hostname="INBAN-HS7GT12" name="test.com.test.appium.Collate" tests="1" failures="0" timestamp="9 Dec 2015 09:50:11 GMT" time="87.091" errors="0">
  <testcase name="collatePictures" time="87.091" classname="test.com.test.appium.Collate"/>
</testsuite> <!-- test.com.test.appium.Collate -->
