<?xml version="1.0" encoding="UTF-8"?>
<!-- Generated by org.testng.reporters.JUnitReportReporter -->
<testsuite hostname="INBAN-HS7GT12" name="test.com.test.appium.LedColor" tests="1" failures="0" timestamp="9 Dec 2015 10:17:49 GMT" time="8.564" errors="0">
  <testcase name="viewLEDColorScreen" time="8.564" classname="test.com.test.appium.LedColor"/>
</testsuite> <!-- test.com.test.appium.LedColor -->
